0 info it worked if it ends with ok
1 verbose cli [ 'C:\\Program Files (x86)\\nodejs\\node.exe',
1 verbose cli   'C:\\Program Files (x86)\\nodejs\\node_modules\\npm\\bin\\npm-cli.js',
1 verbose cli   'run',
1 verbose cli   'deploy' ]
2 info using npm@3.9.5
3 info using node@v6.2.2
4 verbose run-script [ 'predeploy', 'deploy', 'postdeploy' ]
5 info lifecycle webpack-demo@1.0.0~predeploy: webpack-demo@1.0.0
6 silly lifecycle webpack-demo@1.0.0~predeploy: no script for predeploy, continuing
7 info lifecycle webpack-demo@1.0.0~deploy: webpack-demo@1.0.0
8 verbose lifecycle webpack-demo@1.0.0~deploy: unsafe-perm in lifecycle true
9 verbose lifecycle webpack-demo@1.0.0~deploy: PATH: C:\Program Files (x86)\nodejs\node_modules\npm\bin\node-gyp-bin;F:\Dropbox\JS full stack\webpack-demo\node_modules\.bin;C:\Program Files (x86)\nodejs;C:\Users\skayk_000\bin;C:\Program Files (x86)\Git\mingw32\bin;C:\Program Files (x86)\Git\usr\local\bin;C:\Program Files (x86)\Git\usr\bin;C:\Program Files (x86)\Git\usr\bin;C:\Program Files (x86)\Git\mingw32\bin;C:\Program Files (x86)\Git\usr\bin;C:\Users\skayk_000\bin;C:\Program Files (x86)\Common Files\Intel\Shared Files\cpp\bin\Intel64;C:\ProgramData\Oracle\Java\javapath;C:\Windows\system32;C:\Windows;C:\Windows\System32\Wbem;C:\Windows\System32\WindowsPowerShell\v1.0;C:\Users\skayk_000\.dnx\bin;C:\Program Files\Microsoft DNX\Dnvm;C:\Program Files\TortoiseSVN\bin;C:\Program Files (x86)\Skype\Phone;C:\Program Files (x86)\NVIDIA Corporation\PhysX\Common;C:\Program Files\MongoDB\Server\3.2\bin;C:\Program Files (x86)\Heroku\bin;C:\Program Files (x86)\git\cmd;C:\Program Files\Git\cmd;C:\Program Files (x86)\nodejs;C:\Program Files (x86)\Git\cmd;C:\Program Files\nodejs\node_modules\npm;C:\Program Files\nodejs;C:\Program Files\Git\bin;C:\Program Files\Git\cmd;C:\Program Files (x86)\Microsoft VS Code\bin;C:\Program Files (x86)\nodejs;C:\Users\skayk_000\AppData\Roaming\npm;C:\Program Files (x86)\Git\usr\bin\vendor_perl;C:\Program Files (x86)\Git\usr\bin\core_perl
10 verbose lifecycle webpack-demo@1.0.0~deploy: CWD: F:\Dropbox\JS full stack\webpack-demo
11 silly lifecycle webpack-demo@1.0.0~deploy: Args: [ '/d /s /c', 'gh-pages -d build' ]
12 silly lifecycle webpack-demo@1.0.0~deploy: Returned: code: 1  signal: null
13 info lifecycle webpack-demo@1.0.0~deploy: Failed to exec deploy script
14 verbose stack Error: webpack-demo@1.0.0 deploy: `gh-pages -d build`
14 verbose stack Exit status 1
14 verbose stack     at EventEmitter.<anonymous> (C:\Program Files (x86)\nodejs\node_modules\npm\lib\utils\lifecycle.js:245:16)
14 verbose stack     at emitTwo (events.js:106:13)
14 verbose stack     at EventEmitter.emit (events.js:191:7)
14 verbose stack     at ChildProcess.<anonymous> (C:\Program Files (x86)\nodejs\node_modules\npm\lib\utils\spawn.js:24:14)
14 verbose stack     at emitTwo (events.js:106:13)
14 verbose stack     at ChildProcess.emit (events.js:191:7)
14 verbose stack     at maybeClose (internal/child_process.js:852:16)
14 verbose stack     at Process.ChildProcess._handle.onexit (internal/child_process.js:215:5)
15 verbose pkgid webpack-demo@1.0.0
16 verbose cwd F:\Dropbox\JS full stack\webpack-demo
17 error Windows_NT 6.3.9600
18 error argv "C:\\Program Files (x86)\\nodejs\\node.exe" "C:\\Program Files (x86)\\nodejs\\node_modules\\npm\\bin\\npm-cli.js" "run" "deploy"
19 error node v6.2.2
20 error npm  v3.9.5
21 error code ELIFECYCLE
22 error webpack-demo@1.0.0 deploy: `gh-pages -d build`
22 error Exit status 1
23 error Failed at the webpack-demo@1.0.0 deploy script 'gh-pages -d build'.
23 error Make sure you have the latest version of node.js and npm installed.
23 error If you do, this is most likely a problem with the webpack-demo package,
23 error not with npm itself.
23 error Tell the author that this fails on your system:
23 error     gh-pages -d build
23 error You can get information on how to open an issue for this project with:
23 error     npm bugs webpack-demo
23 error Or if that isn't available, you can get their info via:
23 error     npm owner ls webpack-demo
23 error There is likely additional logging output above.
24 verbose exit [ 1, true ]
